TN:
SF:htmlGenerator.js
FN:1,htmlGenerator
FNF:1
FNH:1
FNDA:11,htmlGenerator
DA:3,11
DA:4,1
DA:5,10
DA:6,1
DA:9,9
DA:10,1
DA:11,8
DA:12,1
DA:15,7
DA:16,1
DA:17,6
DA:18,1
DA:21,5
DA:22,1
DA:23,4
DA:24,1
DA:27,3
DA:28,2
DA:47,1
DA:51,1
LF:20
LH:20
BRDA:3,0,0,1
BRDA:3,0,1,10
BRDA:5,1,0,1
BRDA:5,1,1,9
BRDA:9,2,0,1
BRDA:9,2,1,8
BRDA:11,3,0,1
BRDA:11,3,1,7
BRDA:15,4,0,1
BRDA:15,4,1,6
BRDA:15,5,0,7
BRDA:15,5,1,3
BRDA:17,6,0,1
BRDA:17,6,1,5
BRDA:17,7,0,6
BRDA:17,7,1,4
BRDA:21,8,0,1
BRDA:21,8,1,4
BRDA:23,9,0,1
BRDA:23,9,1,3
BRDA:27,10,0,2
BRDA:27,10,1,1
BRDA:27,11,0,3
BRDA:27,11,1,2
BRDA:28,12,0,1
BRDA:28,12,1,1
BRF:26
BRH:26
end_of_record
TN:
SF:mdFileNewFeature.js
FN:1,mdFileNewFeature
FN:6,(anonymous_1)
FNF:2
FNH:2
FNDA:5,mdFileNewFeature
FNDA:4,(anonymous_1)
DA:2,5
DA:3,1
DA:5,4
DA:6,4
DA:7,4
DA:8,1
DA:11,3
DA:12,1
DA:15,2
DA:16,1
DA:22,1
DA:28,4
DA:32,1
LF:13
LH:13
BRDA:2,0,0,1
BRDA:2,0,1,4
BRDA:7,1,0,1
BRDA:7,1,1,3
BRDA:11,2,0,1
BRDA:11,2,1,2
BRDA:15,3,0,1
BRDA:15,3,1,1
BRF:8
BRH:8
end_of_record
